c:\users\zimcke\documents\visual studio 2013\projects\consoleapplication2\consoleapplication2\debug\consoleapplication2.pch
c:\users\zimcke\documents\visual studio 2013\projects\consoleapplication2\consoleapplication2\debug\vc120.pdb
c:\users\zimcke\documents\visual studio 2013\projects\consoleapplication2\consoleapplication2\debug\vc120.idb
c:\users\zimcke\documents\visual studio 2013\projects\consoleapplication2\consoleapplication2\debug\stdafx.obj
c:\users\zimcke\documents\visual studio 2013\projects\consoleapplication2\consoleapplication2\debug\consoleapplication2.obj
c:\users\zimcke\documents\visual studio 2013\projects\consoleapplication2\consoleapplication2\debug\coordinate.obj
c:\users\zimcke\documents\visual studio 2013\projects\consoleapplication2\consoleapplication2\debug\main.obj
c:\users\zimcke\documents\visual studio 2013\projects\consoleapplication2\consoleapplication2\debug\square.obj
c:\users\zimcke\documents\visual studio 2013\projects\consoleapplication2\consoleapplication2\debug\lineparser.obj
c:\users\zimcke\documents\visual studio 2013\projects\consoleapplication2\debug\consoleapplication2.ilk
c:\users\zimcke\documents\visual studio 2013\projects\consoleapplication2\debug\consoleapplication2.exe
c:\users\zimcke\documents\visual studio 2013\projects\consoleapplication2\debug\consoleapplication2.pdb
c:\users\zimcke\documents\visual studio 2013\projects\consoleapplication2\consoleapplication2\debug\consolea.81b7cad7.tlog\cl.command.1.tlog
c:\users\zimcke\documents\visual studio 2013\projects\consoleapplication2\consoleapplication2\debug\consolea.81b7cad7.tlog\cl.read.1.tlog
c:\users\zimcke\documents\visual studio 2013\projects\consoleapplication2\consoleapplication2\debug\consolea.81b7cad7.tlog\cl.write.1.tlog
c:\users\zimcke\documents\visual studio 2013\projects\consoleapplication2\consoleapplication2\debug\consolea.81b7cad7.tlog\link.560524-cvtres.read.1.tlog
c:\users\zimcke\documents\visual studio 2013\projects\consoleapplication2\consoleapplication2\debug\consolea.81b7cad7.tlog\link.560524-cvtres.write.1.tlog
c:\users\zimcke\documents\visual studio 2013\projects\consoleapplication2\consoleapplication2\debug\consolea.81b7cad7.tlog\link.560524-rc.read.1.tlog
c:\users\zimcke\documents\visual studio 2013\projects\consoleapplication2\consoleapplication2\debug\consolea.81b7cad7.tlog\link.560524-rc.write.1.tlog
c:\users\zimcke\documents\visual studio 2013\projects\consoleapplication2\consoleapplication2\debug\consolea.81b7cad7.tlog\link.560524.read.1.tlog
c:\users\zimcke\documents\visual studio 2013\projects\consoleapplication2\consoleapplication2\debug\consolea.81b7cad7.tlog\link.560524.write.1.tlog
c:\users\zimcke\documents\visual studio 2013\projects\consoleapplication2\consoleapplication2\debug\consolea.81b7cad7.tlog\link.command.1.tlog
c:\users\zimcke\documents\visual studio 2013\projects\consoleapplication2\consoleapplication2\debug\consolea.81b7cad7.tlog\link.read.1.tlog
c:\users\zimcke\documents\visual studio 2013\projects\consoleapplication2\consoleapplication2\debug\consolea.81b7cad7.tlog\link.write.1.tlog
